#
# A fatal error has been detected by the Java Runtime Environment:
#
#  EXCEPTION_ACCESS_VIOLATION (0xc0000005) at pc=0x0000000054228855, pid=8360, tid=1216
#
# JRE version: Java(TM) SE Runtime Environment (8.0_65-b17) (build 1.8.0_65-b17)
# Java VM: Java HotSpot(TM) 64-Bit Server VM (25.65-b01 mixed mode windows-amd64 compressed oops)
# Problematic frame:
# V  [jvm.dll+0x128855]
#
# Failed to write core dump. Minidumps are not enabled by default on client versions of Windows
#
# If you would like to submit a bug report, please visit:
#   http://bugreport.java.com/bugreport/crash.jsp
#

---------------  T H R E A D  ---------------

Current thread (0x000000001777b000):  JavaThread "JDWP Transport Listener: dt_socket" daemon [_thread_in_vm, id=1216, stack(0x00000000190b0000,0x00000000191b0000)]

siginfo: ExceptionCode=0xc0000005, reading address 0xffffffffffffffff

Registers:
RAX=0x00000000191af701, RBX=0x000000001777b000, RCX=0x0001736772610400, RDX=0x0000000000000000
RSP=0x00000000191af7a0, RBP=0x0001736772610400, RSI=0x00000000191af8b8, RDI=0x0000000002b08290
R8 =0x000000001777b000, R9 =0x00000000024a5dc0, R10=0x00000000024a00c0, R11=0x0000000018c0bc40
R12=0x0000000000000000, R13=0x0000000017783618, R14=0x0000000000000000, R15=0x0000000000000000
RIP=0x0000000054228855, EFLAGS=0x0000000000010206

Top of Stack: (sp=0x00000000191af7a0)
0x00000000191af7a0:   000000001777b000 000000001777b000
0x00000000191af7b0:   00000000191af868 000000005442e19b
0x00000000191af7c0:   000000001777b000 000000005444a9fd
0x00000000191af7d0:   0000000000000000 0000000054049155
0x00000000191af7e0:   000000001feb7bd8 000000005405291e
0x00000000191af7f0:   000000001777b000 0000000000000000
0x00000000191af800:   0000000000000000 0000000000000000
0x00000000191af810:   0001736772610400 0000000054051a15
0x00000000191af820:   00000000191af8b8 00000000191af890
0x00000000191af830:   0000000000000001 000000001feb7bd8
0x00000000191af840:   0001736772610400 00000000540353b3
0x00000000191af850:   00000000191af980 0000000000000001
0x00000000191af860:   0000000000000001 000000001feb7bd8
0x00000000191af870:   0000000000000001 0000000000000000
0x00000000191af880:   0000000000000000 0000000000000000
0x00000000191af890:   0000000000000001 0000000054035571 

Instructions: (pc=0x0000000054228855)
0x0000000054228835:   cc cc cc cc cc cc cc cc cc cc cc 48 83 ec 28 48
0x0000000054228845:   85 c9 75 07 33 c0 48 83 c4 28 c3 48 89 5c 24 20
0x0000000054228855:   48 8b 19 48 85 db 74 20 48 83 fb 37 74 1a 48 8b
0x0000000054228865:   13 48 8b cb ff 52 10 84 c0 74 0d 48 8b c3 48 8b 


Register to memory mapping:

RAX=0x00000000191af701 is pointing into the stack for thread: 0x000000001777b000
RBX=0x000000001777b000 is a thread
RCX=0x0001736772610400 is an unknown value
RDX=0x0000000000000000 is an unknown value
RSP=0x00000000191af7a0 is pointing into the stack for thread: 0x000000001777b000
RBP=0x0001736772610400 is an unknown value
RSI=0x00000000191af8b8 is pointing into the stack for thread: 0x000000001777b000
RDI=0x0000000002b08290 is an unknown value
R8 =0x000000001777b000 is a thread
R9 =0x00000000024a5dc0 is an unknown value
R10=0x00000000024a00c0 is an unknown value
R11=0x0000000018c0bc40 is an unknown value
R12=0x0000000000000000 is an unknown value
R13=0x0000000017783618 is an unknown value
R14=0x0000000000000000 is an unknown value
R15=0x0000000000000000 is an unknown value


Stack: [0x00000000190b0000,0x00000000191b0000],  sp=0x00000000191af7a0,  free space=1021k
Native frames: (J=compiled Java code, j=interpreted, Vv=VM code, C=native code)
V  [jvm.dll+0x128855]
V  [jvm.dll+0x34a9fd]
C  [jdwp.dll+0x21a15]
C  [jdwp.dll+0x53b3]
C  [jdwp.dll+0x5571]
C  [jdwp.dll+0xf0a8]
C  [jdwp.dll+0x1f2d5]
C  [jdwp.dll+0x1f4aa]
V  [jvm.dll+0x1bb8f8]
V  [jvm.dll+0x243144]
V  [jvm.dll+0x299f7a]
C  [msvcr100.dll+0x21d9f]
C  [msvcr100.dll+0x21e3b]
C  [KERNEL32.DLL+0x8364]
C  [ntdll.dll+0x670d1]


---------------  P R O C E S S  ---------------

Java Threads: ( => current thread )
  0x00000000223f5800 JavaThread "Executor task launch worker-1" daemon [_thread_in_Java, id=8828, stack(0x00000000285c0000,0x00000000286c0000)]
  0x000000001b9aa000 JavaThread "threadDeathWatcher-7-1" daemon [_thread_blocked, id=924, stack(0x00000000261a0000,0x00000000262a0000)]
  0x000000001b9a9000 JavaThread "shuffle-server-5-2" daemon [_thread_blocked, id=9044, stack(0x00000000260a0000,0x00000000261a0000)]
  0x000000001b9a7000 JavaThread "shuffle-client-4-1" daemon [_thread_blocked, id=4144, stack(0x0000000025fa0000,0x00000000260a0000)]
  0x000000001b9a8800 JavaThread "task-result-getter-0" daemon [_thread_blocked, id=4208, stack(0x0000000025ea0000,0x0000000025fa0000)]
  0x000000001b99e800 JavaThread "Executor task launch worker-0" daemon [_thread_blocked, id=1204, stack(0x0000000025da0000,0x0000000025ea0000)]
  0x000000001b99d000 JavaThread "pool-16-thread-1" daemon [_thread_blocked, id=9128, stack(0x00000000230b0000,0x00000000231b0000)]
  0x000000001b9a4000 JavaThread "SparkListenerBus" daemon [_thread_blocked, id=8956, stack(0x000000001f4b0000,0x000000001f5b0000)]
  0x000000001b9a3000 JavaThread "context-cleaner-periodic-gc" daemon [_thread_blocked, id=4560, stack(0x000000001f3b0000,0x000000001f4b0000)]
  0x000000001b99b800 JavaThread "Spark Context Cleaner" daemon [_thread_blocked, id=7908, stack(0x000000001f2b0000,0x000000001f3b0000)]
  0x000000001b9a1800 JavaThread "shuffle-server-5-1" daemon [_thread_blocked, id=5752, stack(0x000000001efb0000,0x000000001f0b0000)]
  0x000000001b99c800 JavaThread "driver-heartbeater" daemon [_thread_blocked, id=220, stack(0x000000001eeb0000,0x000000001efb0000)]
  0x000000001b9a0000 JavaThread "dag-scheduler-event-loop" daemon [_thread_blocked, id=544, stack(0x000000001edb0000,0x000000001eeb0000)]
  0x000000001b99e000 JavaThread "netty-rpc-env-timeout" daemon [_thread_blocked, id=8700, stack(0x000000001eb70000,0x000000001ec70000)]
  0x000000001b99f800 JavaThread "Timer-0" daemon [_thread_blocked, id=3604, stack(0x000000001ea70000,0x000000001eb70000)]
  0x000000001b9a1000 JavaThread "heartbeat-receiver-event-loop-thread" daemon [_thread_blocked, id=1056, stack(0x000000001e970000,0x000000001ea70000)]
  0x000000001b9a2800 JavaThread "SparkUI-44" daemon [_thread_blocked, id=2080, stack(0x000000001e670000,0x000000001e770000)]
  0x000000001aec1000 JavaThread "SparkUI-43" daemon [_thread_blocked, id=8448, stack(0x000000001e570000,0x000000001e670000)]
  0x000000001aec0800 JavaThread "SparkUI-42" daemon [_thread_blocked, id=3920, stack(0x000000001e470000,0x000000001e570000)]
  0x000000001aebf800 JavaThread "SparkUI-41" daemon [_thread_blocked, id=7972, stack(0x000000001e370000,0x000000001e470000)]
  0x000000001aec5800 JavaThread "SparkUI-40" daemon [_thread_blocked, id=3364, stack(0x000000001e270000,0x000000001e370000)]
  0x000000001aec3800 JavaThread "SparkUI-39-selector-ServerConnectorManager@56a960af/1" daemon [_thread_in_native, id=8492, stack(0x000000001e170000,0x000000001e270000)]
  0x000000001aec2800 JavaThread "SparkUI-38-acceptor-0@3bdbbd2f-ServerConnector@351c5424{HTTP/1.1}{0.0.0.0:4040}" daemon [_thread_in_native, id=8788, stack(0x000000001e070000,0x000000001e170000)]
  0x000000001aec2000 JavaThread "SparkUI-37-selector-ServerConnectorManager@56a960af/0" daemon [_thread_in_native, id=8452, stack(0x000000001df70000,0x000000001e070000)]
  0x000000001aec4000 JavaThread "map-output-dispatcher-7" daemon [_thread_blocked, id=6344, stack(0x000000001da70000,0x000000001db70000)]
  0x000000001aebf000 JavaThread "map-output-dispatcher-6" daemon [_thread_blocked, id=3908, stack(0x000000001d970000,0x000000001da70000)]
  0x000000001aec5000 JavaThread "map-output-dispatcher-5" daemon [_thread_blocked, id=4160, stack(0x000000001d870000,0x000000001d970000)]
  0x000000001aebe000 JavaThread "map-output-dispatcher-4" daemon [_thread_blocked, id=8164, stack(0x000000001d770000,0x000000001d870000)]
  0x000000001aebd800 JavaThread "map-output-dispatcher-3" daemon [_thread_blocked, id=9152, stack(0x000000001d670000,0x000000001d770000)]
  0x000000001b8b3800 JavaThread "map-output-dispatcher-2" daemon [_thread_blocked, id=1344, stack(0x000000001d570000,0x000000001d670000)]
  0x000000001aef5800 JavaThread "map-output-dispatcher-1" daemon [_thread_blocked, id=240, stack(0x000000001d470000,0x000000001d570000)]
  0x000000001aef4800 JavaThread "map-output-dispatcher-0" daemon [_thread_blocked, id=4236, stack(0x000000001d370000,0x000000001d470000)]
  0x0000000019bd5000 JavaThread "shuffle-server-3-1" daemon [_thread_blocked, id=3360, stack(0x000000001d270000,0x000000001d370000)]
  0x000000001aac0800 JavaThread "dispatcher-event-loop-3" daemon [_thread_blocked, id=1980, stack(0x000000001cd70000,0x000000001ce70000)]
  0x000000001aac0000 JavaThread "dispatcher-event-loop-2" daemon [_thread_blocked, id=2952, stack(0x000000001cc70000,0x000000001cd70000)]
  0x000000001aab7000 JavaThread "dispatcher-event-loop-1" daemon [_thread_blocked, id=3620, stack(0x000000001cb70000,0x000000001cc70000)]
  0x000000001aab6800 JavaThread "dispatcher-event-loop-0" daemon [_thread_blocked, id=1800, stack(0x000000001ca70000,0x000000001cb70000)]
  0x00000000177ad800 JavaThread "Service Thread" daemon [_thread_blocked, id=6868, stack(0x00000000196b0000,0x00000000197b0000)]
  0x000000001779d000 JavaThread "C1 CompilerThread2" daemon [_thread_blocked, id=8980, stack(0x00000000195b0000,0x00000000196b0000)]
  0x0000000017796800 JavaThread "C2 CompilerThread1" daemon [_thread_blocked, id=996, stack(0x00000000194b0000,0x00000000195b0000)]
  0x00000000177a3800 JavaThread "C2 CompilerThread0" daemon [_thread_blocked, id=6712, stack(0x00000000193b0000,0x00000000194b0000)]
  0x0000000017789800 JavaThread "JDWP Command Reader" daemon [_thread_in_native, id=7120, stack(0x00000000192b0000,0x00000000193b0000)]
  0x0000000017786000 JavaThread "JDWP Event Helper Thread" daemon [_thread_blocked, id=1224, stack(0x00000000191b0000,0x00000000192b0000)]
=>0x000000001777b000 JavaThread "JDWP Transport Listener: dt_socket" daemon [_thread_in_vm, id=1216, stack(0x00000000190b0000,0x00000000191b0000)]
  0x0000000018af2800 JavaThread "Attach Listener" daemon [_thread_blocked, id=8364, stack(0x0000000018fb0000,0x00000000190b0000)]
  0x000000001776f800 JavaThread "Signal Dispatcher" daemon [_thread_blocked, id=6804, stack(0x0000000018eb0000,0x0000000018fb0000)]
  0x0000000002c07800 JavaThread "Finalizer" daemon [_thread_blocked, id=8300, stack(0x00000000189b0000,0x0000000018ab0000)]
  0x0000000002c04800 JavaThread "Reference Handler" daemon [_thread_blocked, id=4416, stack(0x00000000188b0000,0x00000000189b0000)]
  0x0000000002b18000 JavaThread "main" [_thread_blocked, id=8296, stack(0x0000000002940000,0x0000000002a40000)]

Other Threads:
  0x0000000017718800 VMThread [stack: 0x00000000187b0000,0x00000000188b0000] [id=4904]
  0x0000000018c16000 WatcherThread [stack: 0x00000000197b0000,0x00000000198b0000] [id=2740]

VM state:not at safepoint (normal execution)

VM Mutex/Monitor currently owned by a thread: None

Heap:
 PSYoungGen      total 214016K, used 149533K [0x00000000d5e00000, 0x00000000ec700000, 0x0000000100000000)
  eden space 153600K, 97% used [0x00000000d5e00000,0x00000000df0075a0,0x00000000df400000)
  from space 60416K, 0% used [0x00000000e4c80000,0x00000000e4c80000,0x00000000e8780000)
  to   space 90624K, 0% used [0x00000000df400000,0x00000000df400000,0x00000000e4c80000)
 ParOldGen       total 314368K, used 134381K [0x0000000081a00000, 0x0000000094d00000, 0x00000000d5e00000)
  object space 314368K, 42% used [0x0000000081a00000,0x0000000089d3b778,0x0000000094d00000)
 Metaspace       used 45921K, capacity 46432K, committed 46592K, reserved 1089536K
  class space    used 6142K, capacity 6286K, committed 6400K, reserved 1048576K

Card table byte_map: [0x0000000011fd0000,0x00000000123d0000] byte_map_base: 0x0000000011bc3000

Marking Bits: (ParMarkBitMap*) 0x000000005490a5b0
 Begin Bits: [0x0000000012a80000, 0x0000000014a18000)
 End Bits:   [0x0000000014a18000, 0x00000000169b0000)

Polling page: 0x00000000024c0000

CodeCache: size=245760Kb used=9516Kb max_used=10863Kb free=236243Kb
 bounds [0x0000000002c10000, 0x00000000036d0000, 0x0000000011c10000]
 total_blobs=3702 nmethods=3137 adapters=485
 compilation: enabled

Compilation events (10 events):
Event: 73.434 Thread 0x000000001779d000 nmethod 3924 0x0000000002d59390 code [0x0000000002d594e0, 0x0000000002d595f0]
Event: 73.435 Thread 0x00000000177a3800 nmethod 3927 0x0000000002d59090 code [0x0000000002d591e0, 0x0000000002d592a8]
Event: 75.200 Thread 0x000000001779d000 3929       3       org.apache.spark.scheduler.LiveListenerBus::doPostEvent (13 bytes)
Event: 75.200 Thread 0x000000001779d000 nmethod 3929 0x00000000030ee850 code [0x00000000030ee9e0, 0x00000000030eee08]
Event: 75.201 Thread 0x000000001779d000 3931       3       org.apache.spark.scheduler.LiveListenerBus::doPostEvent (7 bytes)
Event: 75.201 Thread 0x000000001779d000 nmethod 3931 0x000000000353db10 code [0x000000000353dc80, 0x000000000353de28]
Event: 75.202 Thread 0x000000001779d000 3930       3       io.netty.util.internal.shaded.org.jctools.queues.MpscChunkedArrayQueue::size (35 bytes)
Event: 75.203 Thread 0x000000001779d000 nmethod 3930 0x000000000353d450 code [0x000000000353d5c0, 0x000000000353d930]
Event: 76.711 Thread 0x0000000017796800 3932       4       java.util.regex.Pattern::RemoveQEQuoting (346 bytes)
Event: 76.714 Thread 0x0000000017796800 nmethod 3932 0x000000000305e950 code [0x000000000305eaa0, 0x000000000305ed38]

GC Heap History (10 events):
Event: 7.498 GC heap before
{Heap before GC invocations=12 (full 3):
 PSYoungGen      total 133632K, used 32237K [0x00000000d5e00000, 0x00000000e5480000, 0x0000000100000000)
  eden space 101376K, 0% used [0x00000000d5e00000,0x00000000d5e00000,0x00000000dc100000)
  from space 32256K, 99% used [0x00000000dc100000,0x00000000de07b7b8,0x00000000de080000)
  to   space 51200K, 0% used [0x00000000e2280000,0x00000000e2280000,0x00000000e5480000)
 ParOldGen       total 93184K, used 85280K [0x0000000081a00000, 0x0000000087500000, 0x00000000d5e00000)
  object space 93184K, 91% used [0x0000000081a00000,0x0000000086d48370,0x0000000087500000)
 Metaspace       used 39489K, capacity 39900K, committed 40192K, reserved 1083392K
  class space    used 5491K, capacity 5614K, committed 5632K, reserved 1048576K
Event: 7.807 GC heap after
Heap after GC invocations=12 (full 3):
 PSYoungGen      total 133632K, used 0K [0x00000000d5e00000, 0x00000000e5480000, 0x0000000100000000)
  eden space 101376K, 0% used [0x00000000d5e00000,0x00000000d5e00000,0x00000000dc100000)
  from space 32256K, 0% used [0x00000000dc100000,0x00000000dc100000,0x00000000de080000)
  to   space 51200K, 0% used [0x00000000e2280000,0x00000000e2280000,0x00000000e5480000)
 ParOldGen       total 217600K, used 87622K [0x0000000081a00000, 0x000000008ee80000, 0x00000000d5e00000)
  object space 217600K, 40% used [0x0000000081a00000,0x0000000086f91970,0x000000008ee80000)
 Metaspace       used 39485K, capacity 39894K, committed 40192K, reserved 1083392K
  class space    used 5490K, capacity 5613K, committed 5632K, reserved 1048576K
}
Event: 8.123 GC heap before
{Heap before GC invocations=13 (full 3):
 PSYoungGen      total 133632K, used 101376K [0x00000000d5e00000, 0x00000000e5480000, 0x0000000100000000)
  eden space 101376K, 100% used [0x00000000d5e00000,0x00000000dc100000,0x00000000dc100000)
  from space 32256K, 0% used [0x00000000dc100000,0x00000000dc100000,0x00000000de080000)
  to   space 51200K, 0% used [0x00000000e2280000,0x00000000e2280000,0x00000000e5480000)
 ParOldGen       total 217600K, used 87622K [0x0000000081a00000, 0x000000008ee80000, 0x00000000d5e00000)
  object space 217600K, 40% used [0x0000000081a00000,0x0000000086f91970,0x000000008ee80000)
 Metaspace       used 39547K, capacity 39996K, committed 40320K, reserved 1083392K
  class space    used 5505K, capacity 5646K, committed 5760K, reserved 1048576K
Event: 8.177 GC heap after
Heap after GC invocations=13 (full 3):
 PSYoungGen      total 185856K, used 46754K [0x00000000d5e00000, 0x00000000e5400000, 0x0000000100000000)
  eden space 135168K, 0% used [0x00000000d5e00000,0x00000000d5e00000,0x00000000de200000)
  from space 50688K, 92% used [0x00000000e2280000,0x00000000e5028ba8,0x00000000e5400000)
  to   space 58368K, 0% used [0x00000000de200000,0x00000000de200000,0x00000000e1b00000)
 ParOldGen       total 217600K, used 87630K [0x0000000081a00000, 0x000000008ee80000, 0x00000000d5e00000)
  object space 217600K, 40% used [0x0000000081a00000,0x0000000086f93970,0x000000008ee80000)
 Metaspace       used 39547K, capacity 39996K, committed 40320K, reserved 1083392K
  class space    used 5505K, capacity 5646K, committed 5760K, reserved 1048576K
}
Event: 8.645 GC heap before
{Heap before GC invocations=14 (full 3):
 PSYoungGen      total 185856K, used 181210K [0x00000000d5e00000, 0x00000000e5400000, 0x0000000100000000)
  eden space 135168K, 99% used [0x00000000d5e00000,0x00000000de14dda8,0x00000000de200000)
  from space 50688K, 92% used [0x00000000e2280000,0x00000000e5028ba8,0x00000000e5400000)
  to   space 58368K, 0% used [0x00000000de200000,0x00000000de200000,0x00000000e1b00000)
 ParOldGen       total 217600K, used 87630K [0x0000000081a00000, 0x000000008ee80000, 0x00000000d5e00000)
  object space 217600K, 40% used [0x0000000081a00000,0x0000000086f93970,0x000000008ee80000)
 Metaspace       used 40404K, capacity 40840K, committed 41216K, reserved 1085440K
  class space    used 5639K, capacity 5776K, committed 5888K, reserved 1048576K
Event: 8.714 GC heap after
Heap after GC invocations=14 (full 3):
 PSYoungGen      total 193536K, used 37520K [0x00000000d5e00000, 0x00000000e8780000, 0x0000000100000000)
  eden space 135168K, 0% used [0x00000000d5e00000,0x00000000d5e00000,0x00000000de200000)
  from space 58368K, 64% used [0x00000000de200000,0x00000000e06a4020,0x00000000e1b00000)
  to   space 60416K, 0% used [0x00000000e4c80000,0x00000000e4c80000,0x00000000e8780000)
 ParOldGen       total 217600K, used 125280K [0x0000000081a00000, 0x000000008ee80000, 0x00000000d5e00000)
  object space 217600K, 57% used [0x0000000081a00000,0x0000000089458340,0x000000008ee80000)
 Metaspace       used 40404K, capacity 40840K, committed 41216K, reserved 1085440K
  class space    used 5639K, capacity 5776K, committed 5888K, reserved 1048576K
}
Event: 9.106 GC heap before
{Heap before GC invocations=15 (full 3):
 PSYoungGen      total 193536K, used 172688K [0x00000000d5e00000, 0x00000000e8780000, 0x0000000100000000)
  eden space 135168K, 100% used [0x00000000d5e00000,0x00000000de200000,0x00000000de200000)
  from space 58368K, 64% used [0x00000000de200000,0x00000000e06a4020,0x00000000e1b00000)
  to   space 60416K, 0% used [0x00000000e4c80000,0x00000000e4c80000,0x00000000e8780000)
 ParOldGen       total 217600K, used 125280K [0x0000000081a00000, 0x000000008ee80000, 0x00000000d5e00000)
  object space 217600K, 57% used [0x0000000081a00000,0x0000000089458340,0x000000008ee80000)
 Metaspace       used 40585K, capacity 41038K, committed 41472K, reserved 1085440K
  class space    used 5646K, capacity 5777K, committed 5888K, reserved 1048576K
Event: 9.194 GC heap after
Heap after GC invocations=15 (full 3):
 PSYoungGen      total 214016K, used 60407K [0x00000000d5e00000, 0x00000000ec700000, 0x0000000100000000)
  eden space 153600K, 0% used [0x00000000d5e00000,0x00000000d5e00000,0x00000000df400000)
  from space 60416K, 99% used [0x00000000e4c80000,0x00000000e877dee8,0x00000000e8780000)
  to   space 90624K, 0% used [0x00000000df400000,0x00000000df400000,0x00000000e4c80000)
 ParOldGen       total 217600K, used 180708K [0x0000000081a00000, 0x000000008ee80000, 0x00000000d5e00000)
  object space 217600K, 83% used [0x0000000081a00000,0x000000008ca793b0,0x000000008ee80000)
 Metaspace       used 40585K, capacity 41038K, committed 41472K, reserved 1085440K
  class space    used 5646K, capacity 5777K, committed 5888K, reserved 1048576K
}
Event: 9.194 GC heap before
{Heap before GC invocations=16 (full 4):
 PSYoungGen      total 214016K, used 60407K [0x00000000d5e00000, 0x00000000ec700000, 0x0000000100000000)
  eden space 153600K, 0% used [0x00000000d5e00000,0x00000000d5e00000,0x00000000df400000)
  from space 60416K, 99% used [0x00000000e4c80000,0x00000000e877dee8,0x00000000e8780000)
  to   space 90624K, 0% used [0x00000000df400000,0x00000000df400000,0x00000000e4c80000)
 ParOldGen       total 217600K, used 180708K [0x0000000081a00000, 0x000000008ee80000, 0x00000000d5e00000)
  object space 217600K, 83% used [0x0000000081a00000,0x000000008ca793b0,0x000000008ee80000)
 Metaspace       used 40585K, capacity 41038K, committed 41472K, reserved 1085440K
  class space    used 5646K, capacity 5777K, committed 5888K, reserved 1048576K
Event: 9.501 GC heap after
Heap after GC invocations=16 (full 4):
 PSYoungGen      total 214016K, used 0K [0x00000000d5e00000, 0x00000000ec700000, 0x0000000100000000)
  eden space 153600K, 0% used [0x00000000d5e00000,0x00000000d5e00000,0x00000000df400000)
  from space 60416K, 0% used [0x00000000e4c80000,0x00000000e4c80000,0x00000000e8780000)
  to   space 90624K, 0% used [0x00000000df400000,0x00000000df400000,0x00000000e4c80000)
 ParOldGen       total 314368K, used 134381K [0x0000000081a00000, 0x0000000094d00000, 0x00000000d5e00000)
  object space 314368K, 42% used [0x0000000081a00000,0x0000000089d3b778,0x0000000094d00000)
 Metaspace       used 40585K, capacity 41038K, committed 41472K, reserved 1085440K
  class space    used 5646K, capacity 5777K, committed 5888K, reserved 1048576K
}

Deoptimization events (10 events):
Event: 10.577 Thread 0x000000001b99e800 Uncommon trap: reason=bimorphic action=maybe_recompile pc=0x0000000003605018 method=java.util.regex.Matcher.search(I)Z @ 86
Event: 10.577 Thread 0x000000001b99e800 Uncommon trap: reason=unstable_if action=reinterpret pc=0x00000000035a57d4 method=java.util.regex.Pattern.append(II)V @ 6
Event: 10.577 Thread 0x000000001b99e800 Uncommon trap: reason=bimorphic action=maybe_recompile pc=0x0000000003605018 method=java.util.regex.Matcher.search(I)Z @ 86
Event: 10.577 Thread 0x000000001b99e800 Uncommon trap: reason=bimorphic action=maybe_recompile pc=0x0000000003605018 method=java.util.regex.Matcher.search(I)Z @ 86
Event: 10.577 Thread 0x000000001b99e800 Uncommon trap: reason=bimorphic action=maybe_recompile pc=0x0000000003605018 method=java.util.regex.Matcher.search(I)Z @ 86
Event: 10.584 Thread 0x000000001b99e800 Uncommon trap: reason=class_check action=maybe_recompile pc=0x000000000307d094 method=java.lang.Character.toLowerCase(I)I @ 5
Event: 16.946 Thread 0x00000000223f5800 Uncommon trap: reason=unstable_if action=reinterpret pc=0x00000000035af554 method=sun.nio.cs.UTF_8$Encoder.encodeArrayLoop(Ljava/nio/CharBuffer;Ljava/nio/ByteBuffer;)Ljava/nio/charset/CoderResult; @ 87
Event: 16.946 Thread 0x00000000223f5800 Uncommon trap: reason=class_check action=maybe_recompile pc=0x0000000003172f1c method=org.apache.spark.api.java.JavaPairRDD$$anonfun$toScalaFunction$1.apply(Ljava/lang/Object;)Ljava/lang/Object; @ 5
Event: 45.788 Thread 0x00000000223f5800 Uncommon trap: reason=class_check action=maybe_recompile pc=0x0000000003172f1c method=org.apache.spark.api.java.JavaPairRDD$$anonfun$toScalaFunction$1.apply(Ljava/lang/Object;)Ljava/lang/Object; @ 5
Event: 45.806 Thread 0x00000000223f5800 Uncommon trap: reason=unstable_if action=reinterpret pc=0x000000000330a28c method=com.shulianxunying.resume.ResumeReport3$12.call(Lscala/Tuple2;)Ljava/util/Iterator; @ 142

Internal exceptions (10 events):
Event: 10.137 Thread 0x0000000002b18000 Exception <a 'java/lang/NoSuchMethodError': <clinit>> (0x00000000dcc11720) thrown at [C:\workspace\8-2-build-windows-amd64-cygwin\jdk8u65\4987\hotspot\src\share\vm\prims\jni.cpp, line 1591]
Event: 10.157 Thread 0x0000000002b18000 Exception <a 'java/lang/NoSuchMethodError': <clinit>> (0x00000000dcc89af0) thrown at [C:\workspace\8-2-build-windows-amd64-cygwin\jdk8u65\4987\hotspot\src\share\vm\prims\jni.cpp, line 1591]
Event: 10.182 Thread 0x0000000002b18000 Exception <a 'java/lang/NoSuchMethodError': <clinit>> (0x00000000dccc6510) thrown at [C:\workspace\8-2-build-windows-amd64-cygwin\jdk8u65\4987\hotspot\src\share\vm\prims\jni.cpp, line 1591]
Event: 10.200 Thread 0x0000000002b18000 Exception <a 'java/lang/NoSuchMethodError': <clinit>> (0x00000000dcd02fa0) thrown at [C:\workspace\8-2-build-windows-amd64-cygwin\jdk8u65\4987\hotspot\src\share\vm\prims\jni.cpp, line 1591]
Event: 10.215 Thread 0x0000000002b18000 Exception <a 'java/lang/NoSuchMethodError': <clinit>> (0x00000000dcd43390) thrown at [C:\workspace\8-2-build-windows-amd64-cygwin\jdk8u65\4987\hotspot\src\share\vm\prims\jni.cpp, line 1591]
Event: 10.273 Thread 0x0000000002b18000 Implicit null exception at 0x00000000034db633 to 0x00000000034dd4bd
Event: 10.273 Thread 0x0000000002b18000 Implicit null exception at 0x00000000034d6e1c to 0x00000000034d74a5
Event: 10.285 Thread 0x000000001b9a0000 Exception <a 'java/lang/NoSuchMethodError': <clinit>> (0x00000000d7a0eff8) thrown at [C:\workspace\8-2-build-windows-amd64-cygwin\jdk8u65\4987\hotspot\src\share\vm\prims\jni.cpp, line 1591]
Event: 10.304 Thread 0x000000001aac0800 Exception <a 'java/lang/NoSuchMethodError': <clinit>> (0x00000000d78f0aa0) thrown at [C:\workspace\8-2-build-windows-amd64-cygwin\jdk8u65\4987\hotspot\src\share\vm\prims\jni.cpp, line 1591]
Event: 10.305 Thread 0x000000001aac0800 Exception <a 'java/lang/NoSuchMethodError': <clinit>> (0x00000000d78f8e80) thrown at [C:\workspace\8-2-build-windows-amd64-cygwin\jdk8u65\4987\hotspot\src\share\vm\prims\jni.cpp, line 1591]

Events (10 events):
Event: 88012.043 Executing VM operation: GetOrSetLocal
Event: 88012.043 Executing VM operation: GetOrSetLocal done
Event: 88012.045 Executing VM operation: GetOrSetLocal
Event: 88012.046 Executing VM operation: GetOrSetLocal done
Event: 88062.135 Executing VM operation: ChangeBreakpoints
Event: 88062.135 Executing VM operation: ChangeBreakpoints done
Event: 88072.595 Executing VM operation: RedefineClasses
Event: 88072.674 Executing VM operation: RedefineClasses done
Event: 88072.675 Executing VM operation: GetOrSetLocal
Event: 88072.675 Executing VM operation: GetOrSetLocal done


Dynamic libraries:
0x00007ff6dc250000 - 0x00007ff6dc287000 	C:\Program Files\Java\jdk1.8.0_65\bin\java.exe
0x00007ffeaa990000 - 0x00007ffeaab61000 	C:\Windows\SYSTEM32\ntdll.dll
0x00007ffeaa8e0000 - 0x00007ffeaa98c000 	C:\Windows\System32\KERNEL32.DLL
0x00007ffea6fb0000 - 0x00007ffea71cd000 	C:\Windows\System32\KERNELBASE.dll
0x00007ffeaa5f0000 - 0x00007ffeaa692000 	C:\Windows\System32\ADVAPI32.dll
0x00007ffea85e0000 - 0x00007ffea867e000 	C:\Windows\System32\msvcrt.dll
0x00007ffeaa6a0000 - 0x00007ffeaa6f9000 	C:\Windows\System32\sechost.dll
0x00007ffeaa700000 - 0x00007ffeaa821000 	C:\Windows\System32\RPCRT4.dll
0x00007ffea8750000 - 0x00007ffea88b5000 	C:\Windows\System32\USER32.dll
0x00007ffea6e80000 - 0x00007ffea6e9e000 	C:\Windows\System32\win32u.dll
0x00007ffeaa5b0000 - 0x00007ffeaa5e4000 	C:\Windows\System32\GDI32.dll
0x00007ffea7490000 - 0x00007ffea7612000 	C:\Windows\System32\gdi32full.dll
0x00007ffe99fb0000 - 0x00007ffe9a22a000 	C:\Windows\WinSxS\amd64_microsoft.windows.common-controls_6595b64144ccf1df_6.0.14393.953_none_42151e83c686086b\COMCTL32.dll
0x00007ffea7f20000 - 0x00007ffea81e8000 	C:\Windows\System32\combase.dll
0x00007ffea7240000 - 0x00007ffea7335000 	C:\Windows\System32\ucrtbase.dll
0x00007ffea71d0000 - 0x00007ffea723a000 	C:\Windows\System32\bcryptPrimitives.dll
0x00007ffea8b00000 - 0x00007ffea8b2e000 	C:\Windows\System32\IMM32.DLL
0x0000000054990000 - 0x0000000054a62000 	C:\Program Files\Java\jdk1.8.0_65\jre\bin\msvcr100.dll
0x0000000054100000 - 0x0000000054989000 	C:\Program Files\Java\jdk1.8.0_65\jre\bin\server\jvm.dll
0x00007ffeaa830000 - 0x00007ffeaa838000 	C:\Windows\System32\PSAPI.DLL
0x00007ffe9c840000 - 0x00007ffe9c849000 	C:\Windows\SYSTEM32\WSOCK32.dll
0x00007ffea5190000 - 0x00007ffea51b3000 	C:\Windows\SYSTEM32\WINMM.dll
0x00007ffea86e0000 - 0x00007ffea874a000 	C:\Windows\System32\WS2_32.dll
0x00007ffe9cf50000 - 0x00007ffe9cf5a000 	C:\Windows\SYSTEM32\VERSION.dll
0x00007ffea5130000 - 0x00007ffea515b000 	C:\Windows\SYSTEM32\WINMMBASE.dll
0x00007ffea7620000 - 0x00007ffea7662000 	C:\Windows\System32\cfgmgr32.dll
0x00000000540f0000 - 0x00000000540ff000 	C:\Program Files\Java\jdk1.8.0_65\jre\bin\verify.dll
0x00000000540c0000 - 0x00000000540e9000 	C:\Program Files\Java\jdk1.8.0_65\jre\bin\java.dll
0x0000000054030000 - 0x0000000054065000 	C:\Program Files\Java\jdk1.8.0_65\jre\bin\jdwp.dll
0x0000000054020000 - 0x0000000054028000 	C:\Program Files\Java\jdk1.8.0_65\jre\bin\npt.dll
0x00000000540a0000 - 0x00000000540b6000 	C:\Program Files\Java\jdk1.8.0_65\jre\bin\zip.dll
0x00007ffea90a0000 - 0x00007ffeaa5a8000 	C:\Windows\System32\SHELL32.dll
0x00007ffea7670000 - 0x00007ffea7d4a000 	C:\Windows\System32\windows.storage.dll
0x00007ffea6e20000 - 0x00007ffea6e6c000 	C:\Windows\System32\powrprof.dll
0x00007ffea82e0000 - 0x00007ffea8332000 	C:\Windows\System32\shlwapi.dll
0x00007ffea6e70000 - 0x00007ffea6e7f000 	C:\Windows\System32\kernel.appcore.dll
0x00007ffea7340000 - 0x00007ffea73e9000 	C:\Windows\System32\shcore.dll
0x00007ffea6df0000 - 0x00007ffea6e04000 	C:\Windows\System32\profapi.dll
0x0000000054010000 - 0x0000000054019000 	C:\Program Files\Java\jdk1.8.0_65\jre\bin\dt_socket.dll
0x00007ffea6710000 - 0x00007ffea676c000 	C:\Windows\system32\mswsock.dll
0x0000000053fe0000 - 0x0000000053fed000 	C:\Program Files\Java\jdk1.8.0_65\jre\bin\management.dll
0x0000000053fd0000 - 0x0000000053fd9000 	C:\Program Files\Java\jdk1.8.0_65\jre\bin\w2k_lsa_auth.dll
0x00007ffe9cfb0000 - 0x00007ffe9cfbc000 	C:\Windows\SYSTEM32\Secur32.dll
0x00007ffea6af0000 - 0x00007ffea6b1c000 	C:\Windows\SYSTEM32\SSPICLI.DLL
0x0000000053fc0000 - 0x0000000053fc9000 	C:\Program Files\Java\jdk1.8.0_65\jre\bin\jaas_nt.dll
0x0000000054080000 - 0x000000005409a000 	C:\Program Files\Java\jdk1.8.0_65\jre\bin\net.dll
0x00007ffe99190000 - 0x00007ffe991a6000 	C:\Windows\system32\napinsp.dll
0x00007ffe991b0000 - 0x00007ffe991ca000 	C:\Windows\system32\pnrpnsp.dll
0x00007ffea4390000 - 0x00007ffea43a8000 	C:\Windows\system32\NLAapi.dll
0x00007ffea64e0000 - 0x00007ffea6581000 	C:\Windows\SYSTEM32\DNSAPI.dll
0x00007ffea88c0000 - 0x00007ffea88c8000 	C:\Windows\System32\NSI.dll
0x00007ffea64a0000 - 0x00007ffea64d8000 	C:\Windows\SYSTEM32\IPHLPAPI.DLL
0x00007ffe991d0000 - 0x00007ffe991de000 	C:\Windows\System32\winrnr.dll
0x0000000055b60000 - 0x0000000055b86000 	C:\Program Files\Bonjour\mdnsNSP.dll
0x00007ffea0f60000 - 0x00007ffea0f6a000 	C:\Windows\System32\rasadhlp.dll
0x00007ffea1070000 - 0x00007ffea10da000 	C:\Windows\System32\fwpuclnt.dll
0x00007ffea69d0000 - 0x00007ffea69fb000 	C:\Windows\SYSTEM32\bcrypt.dll
0x0000000053ff0000 - 0x0000000054001000 	C:\Program Files\Java\jdk1.8.0_65\jre\bin\nio.dll
0x00007ffea68c0000 - 0x00007ffea68d7000 	C:\Windows\SYSTEM32\CRYPTSP.dll
0x00007ffea6320000 - 0x00007ffea6353000 	C:\Windows\system32\rsaenh.dll
0x00007ffea65a0000 - 0x00007ffea65bf000 	C:\Windows\SYSTEM32\USERENV.dll
0x00007ffea68e0000 - 0x00007ffea68eb000 	C:\Windows\SYSTEM32\CRYPTBASE.dll
0x00007ffea14b0000 - 0x00007ffea14c6000 	C:\Windows\SYSTEM32\dhcpcsvc6.DLL
0x00007ffea1490000 - 0x00007ffea14aa000 	C:\Windows\SYSTEM32\dhcpcsvc.DLL
0x0000000066f40000 - 0x0000000066f6d000 	C:\Users\19866\AppData\Local\Temp\liblz4-java964693440540451592.so
0x0000000053f90000 - 0x0000000053fb4000 	C:\Program Files\Java\jdk1.8.0_65\jre\bin\sunec.dll
0x00007ffe994b0000 - 0x00007ffe99642000 	C:\Windows\SYSTEM32\dbghelp.dll

VM Arguments:
jvm_args: -agentlib:jdwp=transport=dt_socket,address=127.0.0.1:50887,suspend=y,server=n -Dfile.encoding=UTF-8 
java_command: com.shulianxunying.resume.ResumeReport3 E:\spark_source_and_result\data\temp.json
java_class_path (initial): C:\Program Files\Java\jdk1.8.0_65\jre\lib\charsets.jar;C:\Program Files\Java\jdk1.8.0_65\jre\lib\deploy.jar;C:\Program Files\Java\jdk1.8.0_65\jre\lib\ext\access-bridge-64.jar;C:\Program Files\Java\jdk1.8.0_65\jre\lib\ext\cldrdata.jar;C:\Program Files\Java\jdk1.8.0_65\jre\lib\ext\dnsns.jar;C:\Program Files\Java\jdk1.8.0_65\jre\lib\ext\jaccess.jar;C:\Program Files\Java\jdk1.8.0_65\jre\lib\ext\jfxrt.jar;C:\Program Files\Java\jdk1.8.0_65\jre\lib\ext\localedata.jar;C:\Program Files\Java\jdk1.8.0_65\jre\lib\ext\nashorn.jar;C:\Program Files\Java\jdk1.8.0_65\jre\lib\ext\sunec.jar;C:\Program Files\Java\jdk1.8.0_65\jre\lib\ext\sunjce_provider.jar;C:\Program Files\Java\jdk1.8.0_65\jre\lib\ext\sunmscapi.jar;C:\Program Files\Java\jdk1.8.0_65\jre\lib\ext\sunpkcs11.jar;C:\Program Files\Java\jdk1.8.0_65\jre\lib\ext\zipfs.jar;C:\Program Files\Java\jdk1.8.0_65\jre\lib\javaws.jar;C:\Program Files\Java\jdk1.8.0_65\jre\lib\jce.jar;C:\Program Files\Java\jdk1.8.0_65\jre\lib\jfr.jar;C:\Program Files\Java\jdk1.8.0_65\jre\lib\jfxswt.jar;C:\Program Files\Java\jdk1.8.0_65\jre\lib\jsse.jar;C:\Program Files\Java\jdk1.8.0_65\jre\lib\management-agent.jar;C:\Program Files\Java\jdk1.8.0_65\jre\lib\plugin.jar;C:\Program Files\Java\jdk1.8.0_65\jre\lib\resources.jar;C:\Program Files\Java\jdk1.8.0_65\jre\lib\rt.jar;E:\IdeaProjects\resume_report\data_create\target\classes;C:\Users\19866\.m2\repository\org\mongodb\spark\mongo-spark-connector_2.11\2.0.0\mongo-spark-connector_2.11-2.0.0.jar;C:\Users\19866\.m2\repository\org\scala-lang\scala-library\2.11.7\scala-library-2.11.7.jar;C:\Users\19866\.m2\repository\org\mongodb\mongo-java-driver\3.2.2\mongo-java-driver-3.2.2.jar;C:\Users\19866\.m2\repository\org\apache\spark\spark-core_2.11\2.1.0\spark-core_2.11-2.1.0.jar;C:\Users\19866\.m2\repository\org\apache\avro\avro-mapred\1.7.7\avro-mapred-1.7.7-hadoop2.jar;C:\Users\19866\.m2\repository\org\apache\avro\avro-ipc\1.7.7\avro-ipc-1.7.7.jar;C:\Users\19866\.m2\repository\org\apache\av
Launcher Type: SUN_STANDARD

Environment Variables:
JAVA_HOME=C:\ProgramData\Java\jdk1.8.0_111
PATH=D:\apache\apache-maven-3.3.9\bin;C:\ProgramData\Java\jdk1.8.0_111\bin;C:\Windows\system32;C:\Windows;C:\Windows\System32\Wbem;C:\Windows\System32\WindowsPowerShell\v1.0\;C:\Program Files\Git\cmd;D:\apache\hadoop-2.7.3\bin;D:\apache\spark-2.1.0-bin-hadoop2.7\bin;D:\scala\bin;D:\MATLAB\R2017a\bin;D:\sbt\\bin;D:\sbt\bin;D:\Python27\Scripts;D:\Python27;D:\apache-tomcat-9.0.0.M21;C:\Users\19866\AppData\Local\Microsoft\WindowsApps;
USERNAME=19866
OS=Windows_NT
PROCESSOR_IDENTIFIER=Intel64 Family 6 Model 60 Stepping 3, GenuineIntel



---------------  S Y S T E M  ---------------

OS: Windows 10.0 , 64 bit Build 14393 (10.0.14393.1198)

CPU:total 4 (2 cores per cpu, 2 threads per core) family 6 model 60 stepping 3, cmov, cx8, fxsr, mmx, sse, sse2, sse3, ssse3, sse4.1, sse4.2, popcnt, avx, avx2, aes, clmul, erms, lzcnt, ht, tsc, tscinvbit, bmi1, bmi2

Memory: 4k page, physical 8280644k(3428936k free), swap 15358532k(7307244k free)

vm_info: Java HotSpot(TM) 64-Bit Server VM (25.65-b01) for windows-amd64 JRE (1.8.0_65-b17), built on Oct  6 2015 16:39:20 by "java_re" with MS VC++ 10.0 (VS2010)

time: Tue Jun 20 11:52:31 2017
elapsed time: 88072 seconds (1d 0h 27m 52s)

